0 info it worked if it ends with ok
1 verbose cli [ '/usr/bin/node',
1 verbose cli   '/usr/bin/npm',
1 verbose cli   'install',
1 verbose cli   '-g',
1 verbose cli   'cordova',
1 verbose cli   'ionic' ]
2 info using npm@1.4.28
3 info using node@v0.10.37
4 verbose node symlink /usr/bin/node
5 verbose cache add [ 'cordova', null ]
6 verbose cache add name=undefined spec="cordova" args=["cordova",null]
7 verbose parsed url { protocol: null,
7 verbose parsed url   slashes: null,
7 verbose parsed url   auth: null,
7 verbose parsed url   host: null,
7 verbose parsed url   port: null,
7 verbose parsed url   hostname: null,
7 verbose parsed url   hash: null,
7 verbose parsed url   search: null,
7 verbose parsed url   query: null,
7 verbose parsed url   pathname: 'cordova',
7 verbose parsed url   path: 'cordova',
7 verbose parsed url   href: 'cordova' }
8 verbose cache add [ 'ionic', null ]
9 verbose cache add name=undefined spec="ionic" args=["ionic",null]
10 verbose parsed url { protocol: null,
10 verbose parsed url   slashes: null,
10 verbose parsed url   auth: null,
10 verbose parsed url   host: null,
10 verbose parsed url   port: null,
10 verbose parsed url   hostname: null,
10 verbose parsed url   hash: null,
10 verbose parsed url   search: null,
10 verbose parsed url   query: null,
10 verbose parsed url   pathname: 'ionic',
10 verbose parsed url   path: 'ionic',
10 verbose parsed url   href: 'ionic' }
11 silly lockFile 00d10074-ionic ionic
12 verbose lock ionic /home/vagrant/.npm/00d10074-ionic.lock
13 silly lockFile 00d10074-ionic ionic
14 error Error: Attempt to unlock ionic, which hasn't been locked
14 error     at unlock (/usr/lib/node_modules/npm/lib/utils/locker.js:44:11)
14 error     at cb (/usr/lib/node_modules/npm/lib/cache/add-local.js:30:5)
14 error     at /usr/lib/node_modules/npm/lib/cache/add-local.js:47:20
14 error     at /usr/lib/node_modules/npm/lib/utils/locker.js:30:7
14 error     at cb (/usr/lib/node_modules/npm/node_modules/lockfile/lockfile.js:149:38)
14 error     at /usr/lib/node_modules/npm/node_modules/lockfile/lockfile.js:177:38
14 error     at Object.oncomplete (fs.js:108:15)
15 error If you need help, you may report this *entire* log,
15 error including the npm and node versions, at:
15 error     <http://github.com/npm/npm/issues>
16 error System Linux 3.13.0-24-generic
17 error command "/usr/bin/node" "/usr/bin/npm" "install" "-g" "cordova" "ionic"
18 error cwd /home/vagrant/projects/mobile/imbehe
19 error node -v v0.10.37
20 error npm -v 1.4.28
21 verbose exit [ 1, true ]
